2024-08-08 11:11:41.378 interchange:112 MainProcess(814264) MainThread __init__ [INFO] Attempting connection to client at 127.0.0.1 on ports: 55811,55977,55836
2024-08-08 11:11:41.381 interchange:124 MainProcess(814264) MainThread __init__ [INFO] Connected to client
2024-08-08 11:11:41.381 interchange:155 MainProcess(814264) MainThread __init__ [INFO] Bound to ports 54853,54288 for incoming worker connections
2024-08-08 11:11:41.381 interchange:171 MainProcess(814264) MainThread __init__ [INFO] Platform info: {'parsl_v': '2024.07.29', 'python_v': '3.10.0', 'os': 'Linux', 'hostname': 'login03', 'dir': '/pscratch/sd/m/mansisak/memorization/scripts'}
2024-08-08 11:11:41.381 interchange:333 MainProcess(814264) MainThread start [INFO] Incoming ports bound
2024-08-08 11:11:41.382 interchange:202 MainProcess(814264) Interchange-Task-Puller task_puller [INFO] Starting
2024-08-08 11:16:33.872 interchange:424 MainProcess(814264) MainThread process_task_outgoing_incoming [INFO] Adding manager: b'a9e27ff6df20' to ready queue
2024-08-08 11:16:33.874 interchange:433 MainProcess(814264) MainThread process_task_outgoing_incoming [INFO] Registration info for manager b'a9e27ff6df20': {'type': 'registration', 'parsl_v': '2024.07.29', 'python_v': '3.10.0', 'worker_count': 1, 'uid': 'a9e27ff6df20', 'block_id': '0', 'start_time': 1723140993.1936624, 'prefetch_capacity': 0, 'max_capacity': 1, 'os': 'Linux', 'hostname': 'nid008209', 'dir': '/pscratch/sd/m/mansisak/memorization/src/localize', 'cpu_count': 64, 'total_memory': 269864558592}
2024-08-08 11:16:33.874 interchange:451 MainProcess(814264) MainThread process_task_outgoing_incoming [INFO] Manager b'a9e27ff6df20' has compatible Parsl version 2024.07.29
2024-08-08 11:16:33.874 interchange:452 MainProcess(814264) MainThread process_task_outgoing_incoming [INFO] Manager b'a9e27ff6df20' has compatible Python version 3.10
2024-08-08 11:16:33.973 interchange:424 MainProcess(814264) MainThread process_task_outgoing_incoming [INFO] Adding manager: b'ef002ea079e6' to ready queue
2024-08-08 11:16:33.973 interchange:433 MainProcess(814264) MainThread process_task_outgoing_incoming [INFO] Registration info for manager b'ef002ea079e6': {'type': 'registration', 'parsl_v': '2024.07.29', 'python_v': '3.10.0', 'worker_count': 1, 'uid': 'ef002ea079e6', 'block_id': '0', 'start_time': 1723140993.299805, 'prefetch_capacity': 0, 'max_capacity': 1, 'os': 'Linux', 'hostname': 'nid008216', 'dir': '/pscratch/sd/m/mansisak/memorization/src/localize', 'cpu_count': 64, 'total_memory': 269864558592}
2024-08-08 11:16:33.974 interchange:451 MainProcess(814264) MainThread process_task_outgoing_incoming [INFO] Manager b'ef002ea079e6' has compatible Parsl version 2024.07.29
2024-08-08 11:16:33.974 interchange:452 MainProcess(814264) MainThread process_task_outgoing_incoming [INFO] Manager b'ef002ea079e6' has compatible Python version 3.10
2024-08-08 11:16:33.979 interchange:424 MainProcess(814264) MainThread process_task_outgoing_incoming [INFO] Adding manager: b'1c3460fcc2d8' to ready queue
2024-08-08 11:16:33.979 interchange:433 MainProcess(814264) MainThread process_task_outgoing_incoming [INFO] Registration info for manager b'1c3460fcc2d8': {'type': 'registration', 'parsl_v': '2024.07.29', 'python_v': '3.10.0', 'worker_count': 1, 'uid': '1c3460fcc2d8', 'block_id': '0', 'start_time': 1723140993.311194, 'prefetch_capacity': 0, 'max_capacity': 1, 'os': 'Linux', 'hostname': 'nid008212', 'dir': '/pscratch/sd/m/mansisak/memorization/src/localize', 'cpu_count': 64, 'total_memory': 269864558592}
2024-08-08 11:16:33.979 interchange:451 MainProcess(814264) MainThread process_task_outgoing_incoming [INFO] Manager b'1c3460fcc2d8' has compatible Parsl version 2024.07.29
2024-08-08 11:16:33.979 interchange:452 MainProcess(814264) MainThread process_task_outgoing_incoming [INFO] Manager b'1c3460fcc2d8' has compatible Python version 3.10
2024-08-08 11:16:34.567 interchange:424 MainProcess(814264) MainThread process_task_outgoing_incoming [INFO] Adding manager: b'9ba7382e6bb6' to ready queue
2024-08-08 11:16:34.567 interchange:433 MainProcess(814264) MainThread process_task_outgoing_incoming [INFO] Registration info for manager b'9ba7382e6bb6': {'type': 'registration', 'parsl_v': '2024.07.29', 'python_v': '3.10.0', 'worker_count': 1, 'uid': '9ba7382e6bb6', 'block_id': '0', 'start_time': 1723140993.8928428, 'prefetch_capacity': 0, 'max_capacity': 1, 'os': 'Linux', 'hostname': 'nid008213', 'dir': '/pscratch/sd/m/mansisak/memorization/src/localize', 'cpu_count': 64, 'total_memory': 269864558592}
2024-08-08 11:16:34.567 interchange:451 MainProcess(814264) MainThread process_task_outgoing_incoming [INFO] Manager b'9ba7382e6bb6' has compatible Parsl version 2024.07.29
2024-08-08 11:16:34.567 interchange:452 MainProcess(814264) MainThread process_task_outgoing_incoming [INFO] Manager b'9ba7382e6bb6' has compatible Python version 3.10
2024-08-08 12:18:07.321 interchange:595 MainProcess(814264) MainThread expire_bad_managers [WARNING] Too many heartbeats missed for manager b'1c3460fcc2d8' - removing manager
2024-08-08 12:18:07.323 interchange:600 MainProcess(814264) MainThread expire_bad_managers [WARNING] Cancelling htex tasks [3] on removed manager
2024-08-08 12:18:07.332 interchange:608 MainProcess(814264) MainThread expire_bad_managers [WARNING] Sent failure reports, unregistering manager
2024-08-08 12:18:07.342 interchange:595 MainProcess(814264) MainThread expire_bad_managers [WARNING] Too many heartbeats missed for manager b'a9e27ff6df20' - removing manager
2024-08-08 12:18:07.342 interchange:600 MainProcess(814264) MainThread expire_bad_managers [WARNING] Cancelling htex tasks [1] on removed manager
2024-08-08 12:18:07.343 interchange:608 MainProcess(814264) MainThread expire_bad_managers [WARNING] Sent failure reports, unregistering manager
2024-08-08 12:18:07.393 interchange:595 MainProcess(814264) MainThread expire_bad_managers [WARNING] Too many heartbeats missed for manager b'ef002ea079e6' - removing manager
2024-08-08 12:18:07.393 interchange:600 MainProcess(814264) MainThread expire_bad_managers [WARNING] Cancelling htex tasks [2] on removed manager
2024-08-08 12:18:07.393 interchange:608 MainProcess(814264) MainThread expire_bad_managers [WARNING] Sent failure reports, unregistering manager
2024-08-08 12:18:07.998 interchange:595 MainProcess(814264) MainThread expire_bad_managers [WARNING] Too many heartbeats missed for manager b'9ba7382e6bb6' - removing manager
2024-08-08 12:18:07.998 interchange:600 MainProcess(814264) MainThread expire_bad_managers [WARNING] Cancelling htex tasks [4] on removed manager
2024-08-08 12:18:07.998 interchange:608 MainProcess(814264) MainThread expire_bad_managers [WARNING] Sent failure reports, unregistering manager
