2024-08-08 11:16:33.157 parsl:914 1676559 MainThread [INFO]  Python version: 3.10.0 | packaged by conda-forge | (default, Nov 20 2021, 02:24:10) [GCC 9.4.0]
2024-08-08 11:16:33.158 parsl:915 1676559 MainThread [INFO]  Debug logging: False
2024-08-08 11:16:33.158 parsl:916 1676559 MainThread [INFO]  Certificates dir: None
2024-08-08 11:16:33.158 parsl:917 1676559 MainThread [INFO]  Log dir: /pscratch/sd/m/mansisak/memorization/scripts/runinfo/015/production_grade
2024-08-08 11:16:33.158 parsl:918 1676559 MainThread [INFO]  Manager ID: a9e27ff6df20
2024-08-08 11:16:33.158 parsl:919 1676559 MainThread [INFO]  Block ID: 0
2024-08-08 11:16:33.158 parsl:920 1676559 MainThread [INFO]  cores_per_worker: 1.0
2024-08-08 11:16:33.158 parsl:921 1676559 MainThread [INFO]  mem_per_worker: None
2024-08-08 11:16:33.158 parsl:922 1676559 MainThread [INFO]  task_port: 54853
2024-08-08 11:16:33.158 parsl:923 1676559 MainThread [INFO]  result_port: 54288
2024-08-08 11:16:33.158 parsl:924 1676559 MainThread [INFO]  addresses: 10.249.28.227,10.249.0.175,127.0.0.1,128.55.126.2,128.55.151.48,10.252.1.78,128.55.64.12
2024-08-08 11:16:33.158 parsl:925 1676559 MainThread [INFO]  max_workers_per_node: 1
2024-08-08 11:16:33.158 parsl:926 1676559 MainThread [INFO]  poll_period: 10
2024-08-08 11:16:33.158 parsl:927 1676559 MainThread [INFO]  address_probe_timeout: 30
2024-08-08 11:16:33.158 parsl:928 1676559 MainThread [INFO]  Prefetch capacity: 0
2024-08-08 11:16:33.159 parsl:929 1676559 MainThread [INFO]  Heartbeat threshold: 120
2024-08-08 11:16:33.159 parsl:930 1676559 MainThread [INFO]  Heartbeat period: 30
2024-08-08 11:16:33.159 parsl:931 1676559 MainThread [INFO]  Drain period: None
2024-08-08 11:16:33.159 parsl:932 1676559 MainThread [INFO]  CPU affinity: block
2024-08-08 11:16:33.159 parsl:933 1676559 MainThread [INFO]  Accelerators: 0 1 2 3
2024-08-08 11:16:33.159 parsl:934 1676559 MainThread [INFO]  enable_mpi_mode: False
2024-08-08 11:16:33.159 parsl:935 1676559 MainThread [INFO]  mpi_launcher: mpiexec
2024-08-08 11:16:33.159 parsl:151 1676559 MainThread [INFO]  Manager initializing
2024-08-08 11:16:33.192 parsl.executors.high_throughput.probe:49 1676559 MainThread [INFO]  Connected to interchange on 10.249.0.175
2024-08-08 11:16:33.193 parsl:160 1676559 MainThread [INFO]  Connection to Interchange successful on 10.249.0.175
2024-08-08 11:16:33.193 parsl:163 1676559 MainThread [INFO]  Task url : tcp://10.249.0.175:54853
2024-08-08 11:16:33.193 parsl:164 1676559 MainThread [INFO]  Result url : tcp://10.249.0.175:54288
2024-08-08 11:16:33.193 parsl:183 1676559 MainThread [INFO]  Manager connected to interchange
2024-08-08 11:16:33.854 parsl:254 1676559 MainThread [INFO]  Manager will spawn 1 workers
2024-08-08 11:16:33.857 parsl:306 1676559 Task-Puller [INFO]  starting
2024-08-08 11:16:33.858 parsl:536 1676559 MainThread [INFO]  Manager threads started
2024-08-08 11:17:03.858 parsl:418 1676559 Result-Pusher [INFO]  Sending heartbeat via results connection: last_result_beat=1723140993.8576772 heartbeat_period=30 seconds
2024-08-08 11:17:33.861 parsl:418 1676559 Result-Pusher [INFO]  Sending heartbeat via results connection: last_result_beat=1723141023.8583019 heartbeat_period=30 seconds
2024-08-08 11:18:03.863 parsl:418 1676559 Result-Pusher [INFO]  Sending heartbeat via results connection: last_result_beat=1723141053.8621469 heartbeat_period=30 seconds
2024-08-08 11:18:33.871 parsl:418 1676559 Result-Pusher [INFO]  Sending heartbeat via results connection: last_result_beat=1723141083.8633223 heartbeat_period=30 seconds
2024-08-08 11:19:03.876 parsl:418 1676559 Result-Pusher [INFO]  Sending heartbeat via results connection: last_result_beat=1723141113.871354 heartbeat_period=30 seconds
2024-08-08 11:19:33.878 parsl:418 1676559 Result-Pusher [INFO]  Sending heartbeat via results connection: last_result_beat=1723141143.876512 heartbeat_period=30 seconds
2024-08-08 11:20:03.886 parsl:418 1676559 Result-Pusher [INFO]  Sending heartbeat via results connection: last_result_beat=1723141173.8791199 heartbeat_period=30 seconds
2024-08-08 11:20:33.892 parsl:418 1676559 Result-Pusher [INFO]  Sending heartbeat via results connection: last_result_beat=1723141203.8863554 heartbeat_period=30 seconds
2024-08-08 11:21:03.898 parsl:418 1676559 Result-Pusher [INFO]  Sending heartbeat via results connection: last_result_beat=1723141233.892546 heartbeat_period=30 seconds
2024-08-08 11:21:33.900 parsl:418 1676559 Result-Pusher [INFO]  Sending heartbeat via results connection: last_result_beat=1723141263.898751 heartbeat_period=30 seconds
2024-08-08 11:22:03.908 parsl:418 1676559 Result-Pusher [INFO]  Sending heartbeat via results connection: last_result_beat=1723141293.9007423 heartbeat_period=30 seconds
2024-08-08 11:22:33.910 parsl:418 1676559 Result-Pusher [INFO]  Sending heartbeat via results connection: last_result_beat=1723141323.908606 heartbeat_period=30 seconds
2024-08-08 11:23:03.917 parsl:418 1676559 Result-Pusher [INFO]  Sending heartbeat via results connection: last_result_beat=1723141353.910882 heartbeat_period=30 seconds
2024-08-08 11:23:33.926 parsl:418 1676559 Result-Pusher [INFO]  Sending heartbeat via results connection: last_result_beat=1723141383.9181626 heartbeat_period=30 seconds
2024-08-08 11:24:03.932 parsl:418 1676559 Result-Pusher [INFO]  Sending heartbeat via results connection: last_result_beat=1723141413.9264352 heartbeat_period=30 seconds
2024-08-08 11:24:33.939 parsl:418 1676559 Result-Pusher [INFO]  Sending heartbeat via results connection: last_result_beat=1723141443.932677 heartbeat_period=30 seconds
2024-08-08 11:25:03.946 parsl:418 1676559 Result-Pusher [INFO]  Sending heartbeat via results connection: last_result_beat=1723141473.939713 heartbeat_period=30 seconds
2024-08-08 11:25:33.955 parsl:418 1676559 Result-Pusher [INFO]  Sending heartbeat via results connection: last_result_beat=1723141503.947077 heartbeat_period=30 seconds
2024-08-08 11:26:03.960 parsl:418 1676559 Result-Pusher [INFO]  Sending heartbeat via results connection: last_result_beat=1723141533.9557643 heartbeat_period=30 seconds
2024-08-08 11:26:33.962 parsl:418 1676559 Result-Pusher [INFO]  Sending heartbeat via results connection: last_result_beat=1723141563.9603238 heartbeat_period=30 seconds
2024-08-08 11:27:03.964 parsl:418 1676559 Result-Pusher [INFO]  Sending heartbeat via results connection: last_result_beat=1723141593.9624104 heartbeat_period=30 seconds
2024-08-08 11:27:33.965 parsl:418 1676559 Result-Pusher [INFO]  Sending heartbeat via results connection: last_result_beat=1723141623.964565 heartbeat_period=30 seconds
2024-08-08 11:28:03.966 parsl:418 1676559 Result-Pusher [INFO]  Sending heartbeat via results connection: last_result_beat=1723141653.9656312 heartbeat_period=30 seconds
2024-08-08 11:28:33.970 parsl:418 1676559 Result-Pusher [INFO]  Sending heartbeat via results connection: last_result_beat=1723141683.966777 heartbeat_period=30 seconds
2024-08-08 11:29:03.979 parsl:418 1676559 Result-Pusher [INFO]  Sending heartbeat via results connection: last_result_beat=1723141713.9711764 heartbeat_period=30 seconds
2024-08-08 11:29:33.990 parsl:418 1676559 Result-Pusher [INFO]  Sending heartbeat via results connection: last_result_beat=1723141743.9805017 heartbeat_period=30 seconds
2024-08-08 11:30:03.998 parsl:418 1676559 Result-Pusher [INFO]  Sending heartbeat via results connection: last_result_beat=1723141773.9905925 heartbeat_period=30 seconds
2024-08-08 11:30:34.000 parsl:418 1676559 Result-Pusher [INFO]  Sending heartbeat via results connection: last_result_beat=1723141803.9989877 heartbeat_period=30 seconds
2024-08-08 11:31:04.003 parsl:418 1676559 Result-Pusher [INFO]  Sending heartbeat via results connection: last_result_beat=1723141834.0007002 heartbeat_period=30 seconds
2024-08-08 11:31:34.008 parsl:418 1676559 Result-Pusher [INFO]  Sending heartbeat via results connection: last_result_beat=1723141864.0038257 heartbeat_period=30 seconds
2024-08-08 11:32:04.017 parsl:418 1676559 Result-Pusher [INFO]  Sending heartbeat via results connection: last_result_beat=1723141894.0084305 heartbeat_period=30 seconds
2024-08-08 11:32:34.024 parsl:418 1676559 Result-Pusher [INFO]  Sending heartbeat via results connection: last_result_beat=1723141924.0175846 heartbeat_period=30 seconds
2024-08-08 11:33:04.031 parsl:418 1676559 Result-Pusher [INFO]  Sending heartbeat via results connection: last_result_beat=1723141954.02438 heartbeat_period=30 seconds
2024-08-08 11:33:34.035 parsl:418 1676559 Result-Pusher [INFO]  Sending heartbeat via results connection: last_result_beat=1723141984.0321872 heartbeat_period=30 seconds
2024-08-08 11:34:04.040 parsl:418 1676559 Result-Pusher [INFO]  Sending heartbeat via results connection: last_result_beat=1723142014.036083 heartbeat_period=30 seconds
2024-08-08 11:34:34.049 parsl:418 1676559 Result-Pusher [INFO]  Sending heartbeat via results connection: last_result_beat=1723142044.041068 heartbeat_period=30 seconds
2024-08-08 11:35:04.059 parsl:418 1676559 Result-Pusher [INFO]  Sending heartbeat via results connection: last_result_beat=1723142074.049395 heartbeat_period=30 seconds
2024-08-08 11:35:34.067 parsl:418 1676559 Result-Pusher [INFO]  Sending heartbeat via results connection: last_result_beat=1723142104.0593927 heartbeat_period=30 seconds
2024-08-08 11:36:04.071 parsl:418 1676559 Result-Pusher [INFO]  Sending heartbeat via results connection: last_result_beat=1723142134.0675442 heartbeat_period=30 seconds
2024-08-08 11:36:34.071 parsl:418 1676559 Result-Pusher [INFO]  Sending heartbeat via results connection: last_result_beat=1723142164.0718613 heartbeat_period=30 seconds
2024-08-08 11:37:04.081 parsl:418 1676559 Result-Pusher [INFO]  Sending heartbeat via results connection: last_result_beat=1723142194.072187 heartbeat_period=30 seconds
2024-08-08 11:37:34.086 parsl:418 1676559 Result-Pusher [INFO]  Sending heartbeat via results connection: last_result_beat=1723142224.0819035 heartbeat_period=30 seconds
2024-08-08 11:38:04.092 parsl:418 1676559 Result-Pusher [INFO]  Sending heartbeat via results connection: last_result_beat=1723142254.0867195 heartbeat_period=30 seconds
2024-08-08 11:38:34.096 parsl:418 1676559 Result-Pusher [INFO]  Sending heartbeat via results connection: last_result_beat=1723142284.0930576 heartbeat_period=30 seconds
2024-08-08 11:39:04.096 parsl:418 1676559 Result-Pusher [INFO]  Sending heartbeat via results connection: last_result_beat=1723142314.0963156 heartbeat_period=30 seconds
2024-08-08 11:39:34.099 parsl:418 1676559 Result-Pusher [INFO]  Sending heartbeat via results connection: last_result_beat=1723142344.096774 heartbeat_period=30 seconds
2024-08-08 11:40:04.103 parsl:418 1676559 Result-Pusher [INFO]  Sending heartbeat via results connection: last_result_beat=1723142374.1002069 heartbeat_period=30 seconds
2024-08-08 11:40:34.107 parsl:418 1676559 Result-Pusher [INFO]  Sending heartbeat via results connection: last_result_beat=1723142404.1042175 heartbeat_period=30 seconds
2024-08-08 11:41:04.114 parsl:418 1676559 Result-Pusher [INFO]  Sending heartbeat via results connection: last_result_beat=1723142434.1075575 heartbeat_period=30 seconds
2024-08-08 11:41:34.118 parsl:418 1676559 Result-Pusher [INFO]  Sending heartbeat via results connection: last_result_beat=1723142464.115079 heartbeat_period=30 seconds
2024-08-08 11:42:04.118 parsl:418 1676559 Result-Pusher [INFO]  Sending heartbeat via results connection: last_result_beat=1723142494.1188254 heartbeat_period=30 seconds
2024-08-08 11:42:34.123 parsl:418 1676559 Result-Pusher [INFO]  Sending heartbeat via results connection: last_result_beat=1723142524.119092 heartbeat_period=30 seconds
2024-08-08 11:43:04.129 parsl:418 1676559 Result-Pusher [INFO]  Sending heartbeat via results connection: last_result_beat=1723142554.1242237 heartbeat_period=30 seconds
2024-08-08 11:43:34.132 parsl:418 1676559 Result-Pusher [INFO]  Sending heartbeat via results connection: last_result_beat=1723142584.129352 heartbeat_period=30 seconds
2024-08-08 11:44:04.137 parsl:418 1676559 Result-Pusher [INFO]  Sending heartbeat via results connection: last_result_beat=1723142614.1325102 heartbeat_period=30 seconds
2024-08-08 11:44:34.142 parsl:418 1676559 Result-Pusher [INFO]  Sending heartbeat via results connection: last_result_beat=1723142644.1380813 heartbeat_period=30 seconds
2024-08-08 11:45:04.152 parsl:418 1676559 Result-Pusher [INFO]  Sending heartbeat via results connection: last_result_beat=1723142674.1427183 heartbeat_period=30 seconds
2024-08-08 11:45:34.157 parsl:418 1676559 Result-Pusher [INFO]  Sending heartbeat via results connection: last_result_beat=1723142704.153131 heartbeat_period=30 seconds
2024-08-08 11:46:04.159 parsl:418 1676559 Result-Pusher [INFO]  Sending heartbeat via results connection: last_result_beat=1723142734.1579986 heartbeat_period=30 seconds
2024-08-08 11:46:34.167 parsl:418 1676559 Result-Pusher [INFO]  Sending heartbeat via results connection: last_result_beat=1723142764.1592965 heartbeat_period=30 seconds
2024-08-08 11:47:04.168 parsl:418 1676559 Result-Pusher [INFO]  Sending heartbeat via results connection: last_result_beat=1723142794.1675005 heartbeat_period=30 seconds
2024-08-08 11:47:34.173 parsl:418 1676559 Result-Pusher [INFO]  Sending heartbeat via results connection: last_result_beat=1723142824.1690042 heartbeat_period=30 seconds
2024-08-08 11:48:04.174 parsl:418 1676559 Result-Pusher [INFO]  Sending heartbeat via results connection: last_result_beat=1723142854.1735654 heartbeat_period=30 seconds
2024-08-08 11:48:34.184 parsl:418 1676559 Result-Pusher [INFO]  Sending heartbeat via results connection: last_result_beat=1723142884.1745026 heartbeat_period=30 seconds
2024-08-08 11:49:04.190 parsl:418 1676559 Result-Pusher [INFO]  Sending heartbeat via results connection: last_result_beat=1723142914.184837 heartbeat_period=30 seconds
2024-08-08 11:49:34.200 parsl:418 1676559 Result-Pusher [INFO]  Sending heartbeat via results connection: last_result_beat=1723142944.1909912 heartbeat_period=30 seconds
2024-08-08 11:50:04.206 parsl:418 1676559 Result-Pusher [INFO]  Sending heartbeat via results connection: last_result_beat=1723142974.20033 heartbeat_period=30 seconds
2024-08-08 11:50:34.216 parsl:418 1676559 Result-Pusher [INFO]  Sending heartbeat via results connection: last_result_beat=1723143004.2070587 heartbeat_period=30 seconds
2024-08-08 11:51:04.223 parsl:418 1676559 Result-Pusher [INFO]  Sending heartbeat via results connection: last_result_beat=1723143034.2171297 heartbeat_period=30 seconds
2024-08-08 11:51:34.232 parsl:418 1676559 Result-Pusher [INFO]  Sending heartbeat via results connection: last_result_beat=1723143064.2234244 heartbeat_period=30 seconds
2024-08-08 11:52:04.238 parsl:418 1676559 Result-Pusher [INFO]  Sending heartbeat via results connection: last_result_beat=1723143094.2326412 heartbeat_period=30 seconds
2024-08-08 11:52:34.243 parsl:418 1676559 Result-Pusher [INFO]  Sending heartbeat via results connection: last_result_beat=1723143124.2388954 heartbeat_period=30 seconds
2024-08-08 11:53:04.245 parsl:418 1676559 Result-Pusher [INFO]  Sending heartbeat via results connection: last_result_beat=1723143154.2440736 heartbeat_period=30 seconds
2024-08-08 11:53:34.255 parsl:418 1676559 Result-Pusher [INFO]  Sending heartbeat via results connection: last_result_beat=1723143184.2456632 heartbeat_period=30 seconds
2024-08-08 11:54:04.261 parsl:418 1676559 Result-Pusher [INFO]  Sending heartbeat via results connection: last_result_beat=1723143214.2559395 heartbeat_period=30 seconds
2024-08-08 11:54:34.265 parsl:418 1676559 Result-Pusher [INFO]  Sending heartbeat via results connection: last_result_beat=1723143244.2618446 heartbeat_period=30 seconds
2024-08-08 11:55:04.272 parsl:418 1676559 Result-Pusher [INFO]  Sending heartbeat via results connection: last_result_beat=1723143274.2654228 heartbeat_period=30 seconds
2024-08-08 11:55:34.276 parsl:418 1676559 Result-Pusher [INFO]  Sending heartbeat via results connection: last_result_beat=1723143304.273134 heartbeat_period=30 seconds
2024-08-08 11:56:04.278 parsl:418 1676559 Result-Pusher [INFO]  Sending heartbeat via results connection: last_result_beat=1723143334.2765005 heartbeat_period=30 seconds
2024-08-08 11:56:34.284 parsl:418 1676559 Result-Pusher [INFO]  Sending heartbeat via results connection: last_result_beat=1723143364.2786696 heartbeat_period=30 seconds
2024-08-08 11:57:04.287 parsl:418 1676559 Result-Pusher [INFO]  Sending heartbeat via results connection: last_result_beat=1723143394.2843473 heartbeat_period=30 seconds
2024-08-08 11:57:34.289 parsl:418 1676559 Result-Pusher [INFO]  Sending heartbeat via results connection: last_result_beat=1723143424.2876003 heartbeat_period=30 seconds
2024-08-08 11:58:04.297 parsl:418 1676559 Result-Pusher [INFO]  Sending heartbeat via results connection: last_result_beat=1723143454.2899146 heartbeat_period=30 seconds
2024-08-08 11:58:34.300 parsl:418 1676559 Result-Pusher [INFO]  Sending heartbeat via results connection: last_result_beat=1723143484.2976491 heartbeat_period=30 seconds
2024-08-08 11:59:04.310 parsl:418 1676559 Result-Pusher [INFO]  Sending heartbeat via results connection: last_result_beat=1723143514.301013 heartbeat_period=30 seconds
2024-08-08 11:59:34.317 parsl:418 1676559 Result-Pusher [INFO]  Sending heartbeat via results connection: last_result_beat=1723143544.3111072 heartbeat_period=30 seconds
2024-08-08 12:00:04.325 parsl:418 1676559 Result-Pusher [INFO]  Sending heartbeat via results connection: last_result_beat=1723143574.3177154 heartbeat_period=30 seconds
2024-08-08 12:00:34.328 parsl:418 1676559 Result-Pusher [INFO]  Sending heartbeat via results connection: last_result_beat=1723143604.3260963 heartbeat_period=30 seconds
2024-08-08 12:01:04.335 parsl:418 1676559 Result-Pusher [INFO]  Sending heartbeat via results connection: last_result_beat=1723143634.3287954 heartbeat_period=30 seconds
2024-08-08 12:01:34.341 parsl:418 1676559 Result-Pusher [INFO]  Sending heartbeat via results connection: last_result_beat=1723143664.335737 heartbeat_period=30 seconds
2024-08-08 12:02:04.346 parsl:418 1676559 Result-Pusher [INFO]  Sending heartbeat via results connection: last_result_beat=1723143694.3417177 heartbeat_period=30 seconds
2024-08-08 12:02:34.353 parsl:418 1676559 Result-Pusher [INFO]  Sending heartbeat via results connection: last_result_beat=1723143724.3462434 heartbeat_period=30 seconds
2024-08-08 12:03:04.358 parsl:418 1676559 Result-Pusher [INFO]  Sending heartbeat via results connection: last_result_beat=1723143754.3538518 heartbeat_period=30 seconds
2024-08-08 12:03:34.365 parsl:418 1676559 Result-Pusher [INFO]  Sending heartbeat via results connection: last_result_beat=1723143784.3582447 heartbeat_period=30 seconds
2024-08-08 12:04:04.371 parsl:418 1676559 Result-Pusher [INFO]  Sending heartbeat via results connection: last_result_beat=1723143814.365348 heartbeat_period=30 seconds
2024-08-08 12:04:34.372 parsl:418 1676559 Result-Pusher [INFO]  Sending heartbeat via results connection: last_result_beat=1723143844.3715508 heartbeat_period=30 seconds
2024-08-08 12:05:04.377 parsl:418 1676559 Result-Pusher [INFO]  Sending heartbeat via results connection: last_result_beat=1723143874.3728032 heartbeat_period=30 seconds
2024-08-08 12:05:34.383 parsl:418 1676559 Result-Pusher [INFO]  Sending heartbeat via results connection: last_result_beat=1723143904.377629 heartbeat_period=30 seconds
2024-08-08 12:06:04.387 parsl:418 1676559 Result-Pusher [INFO]  Sending heartbeat via results connection: last_result_beat=1723143934.383381 heartbeat_period=30 seconds
2024-08-08 12:06:34.393 parsl:418 1676559 Result-Pusher [INFO]  Sending heartbeat via results connection: last_result_beat=1723143964.3872888 heartbeat_period=30 seconds
2024-08-08 12:07:04.400 parsl:418 1676559 Result-Pusher [INFO]  Sending heartbeat via results connection: last_result_beat=1723143994.3937376 heartbeat_period=30 seconds
2024-08-08 12:07:34.405 parsl:418 1676559 Result-Pusher [INFO]  Sending heartbeat via results connection: last_result_beat=1723144024.4004369 heartbeat_period=30 seconds
2024-08-08 12:08:04.410 parsl:418 1676559 Result-Pusher [INFO]  Sending heartbeat via results connection: last_result_beat=1723144054.4058158 heartbeat_period=30 seconds
2024-08-08 12:08:34.415 parsl:418 1676559 Result-Pusher [INFO]  Sending heartbeat via results connection: last_result_beat=1723144084.4105196 heartbeat_period=30 seconds
2024-08-08 12:09:04.419 parsl:418 1676559 Result-Pusher [INFO]  Sending heartbeat via results connection: last_result_beat=1723144114.4161584 heartbeat_period=30 seconds
2024-08-08 12:09:34.427 parsl:418 1676559 Result-Pusher [INFO]  Sending heartbeat via results connection: last_result_beat=1723144144.4195242 heartbeat_period=30 seconds
2024-08-08 12:10:04.437 parsl:418 1676559 Result-Pusher [INFO]  Sending heartbeat via results connection: last_result_beat=1723144174.4280453 heartbeat_period=30 seconds
2024-08-08 12:10:34.444 parsl:418 1676559 Result-Pusher [INFO]  Sending heartbeat via results connection: last_result_beat=1723144204.4376113 heartbeat_period=30 seconds
2024-08-08 12:11:04.451 parsl:418 1676559 Result-Pusher [INFO]  Sending heartbeat via results connection: last_result_beat=1723144234.4450014 heartbeat_period=30 seconds
2024-08-08 12:11:34.453 parsl:418 1676559 Result-Pusher [INFO]  Sending heartbeat via results connection: last_result_beat=1723144264.451589 heartbeat_period=30 seconds
2024-08-08 12:12:04.457 parsl:418 1676559 Result-Pusher [INFO]  Sending heartbeat via results connection: last_result_beat=1723144294.4536507 heartbeat_period=30 seconds
2024-08-08 12:12:34.465 parsl:418 1676559 Result-Pusher [INFO]  Sending heartbeat via results connection: last_result_beat=1723144324.4576101 heartbeat_period=30 seconds
2024-08-08 12:13:04.469 parsl:418 1676559 Result-Pusher [INFO]  Sending heartbeat via results connection: last_result_beat=1723144354.4655886 heartbeat_period=30 seconds
2024-08-08 12:13:34.477 parsl:418 1676559 Result-Pusher [INFO]  Sending heartbeat via results connection: last_result_beat=1723144384.469633 heartbeat_period=30 seconds
2024-08-08 12:14:04.483 parsl:418 1676559 Result-Pusher [INFO]  Sending heartbeat via results connection: last_result_beat=1723144414.4773731 heartbeat_period=30 seconds
2024-08-08 12:14:34.490 parsl:418 1676559 Result-Pusher [INFO]  Sending heartbeat via results connection: last_result_beat=1723144444.483441 heartbeat_period=30 seconds
2024-08-08 12:15:04.493 parsl:418 1676559 Result-Pusher [INFO]  Sending heartbeat via results connection: last_result_beat=1723144474.4903922 heartbeat_period=30 seconds
2024-08-08 12:15:34.497 parsl:418 1676559 Result-Pusher [INFO]  Sending heartbeat via results connection: last_result_beat=1723144504.4933789 heartbeat_period=30 seconds
2024-08-08 12:16:04.506 parsl:418 1676559 Result-Pusher [INFO]  Sending heartbeat via results connection: last_result_beat=1723144534.4980853 heartbeat_period=30 seconds
