2024-08-08 11:16:33.264 parsl:914 2102315 MainThread [INFO]  Python version: 3.10.0 | packaged by conda-forge | (default, Nov 20 2021, 02:24:10) [GCC 9.4.0]
2024-08-08 11:16:33.264 parsl:915 2102315 MainThread [INFO]  Debug logging: False
2024-08-08 11:16:33.264 parsl:916 2102315 MainThread [INFO]  Certificates dir: None
2024-08-08 11:16:33.265 parsl:917 2102315 MainThread [INFO]  Log dir: /pscratch/sd/m/mansisak/memorization/scripts/runinfo/015/production_grade
2024-08-08 11:16:33.265 parsl:918 2102315 MainThread [INFO]  Manager ID: ef002ea079e6
2024-08-08 11:16:33.265 parsl:919 2102315 MainThread [INFO]  Block ID: 0
2024-08-08 11:16:33.265 parsl:920 2102315 MainThread [INFO]  cores_per_worker: 1.0
2024-08-08 11:16:33.265 parsl:921 2102315 MainThread [INFO]  mem_per_worker: None
2024-08-08 11:16:33.265 parsl:922 2102315 MainThread [INFO]  task_port: 54853
2024-08-08 11:16:33.265 parsl:923 2102315 MainThread [INFO]  result_port: 54288
2024-08-08 11:16:33.265 parsl:924 2102315 MainThread [INFO]  addresses: 10.249.28.227,10.249.0.175,127.0.0.1,128.55.126.2,128.55.151.48,10.252.1.78,128.55.64.12
2024-08-08 11:16:33.265 parsl:925 2102315 MainThread [INFO]  max_workers_per_node: 1
2024-08-08 11:16:33.265 parsl:926 2102315 MainThread [INFO]  poll_period: 10
2024-08-08 11:16:33.265 parsl:927 2102315 MainThread [INFO]  address_probe_timeout: 30
2024-08-08 11:16:33.265 parsl:928 2102315 MainThread [INFO]  Prefetch capacity: 0
2024-08-08 11:16:33.265 parsl:929 2102315 MainThread [INFO]  Heartbeat threshold: 120
2024-08-08 11:16:33.265 parsl:930 2102315 MainThread [INFO]  Heartbeat period: 30
2024-08-08 11:16:33.265 parsl:931 2102315 MainThread [INFO]  Drain period: None
2024-08-08 11:16:33.265 parsl:932 2102315 MainThread [INFO]  CPU affinity: block
2024-08-08 11:16:33.265 parsl:933 2102315 MainThread [INFO]  Accelerators: 0 1 2 3
2024-08-08 11:16:33.265 parsl:934 2102315 MainThread [INFO]  enable_mpi_mode: False
2024-08-08 11:16:33.265 parsl:935 2102315 MainThread [INFO]  mpi_launcher: mpiexec
2024-08-08 11:16:33.265 parsl:151 2102315 MainThread [INFO]  Manager initializing
2024-08-08 11:16:33.298 parsl.executors.high_throughput.probe:49 2102315 MainThread [INFO]  Connected to interchange on 10.249.0.175
2024-08-08 11:16:33.299 parsl:160 2102315 MainThread [INFO]  Connection to Interchange successful on 10.249.0.175
2024-08-08 11:16:33.299 parsl:163 2102315 MainThread [INFO]  Task url : tcp://10.249.0.175:54853
2024-08-08 11:16:33.299 parsl:164 2102315 MainThread [INFO]  Result url : tcp://10.249.0.175:54288
2024-08-08 11:16:33.299 parsl:183 2102315 MainThread [INFO]  Manager connected to interchange
2024-08-08 11:16:33.965 parsl:254 2102315 MainThread [INFO]  Manager will spawn 1 workers
2024-08-08 11:16:33.967 parsl:306 2102315 Task-Puller [INFO]  starting
2024-08-08 11:16:33.968 parsl:536 2102315 MainThread [INFO]  Manager threads started
2024-08-08 11:17:03.973 parsl:418 2102315 Result-Pusher [INFO]  Sending heartbeat via results connection: last_result_beat=1723140993.96786 heartbeat_period=30 seconds
2024-08-08 11:17:33.979 parsl:418 2102315 Result-Pusher [INFO]  Sending heartbeat via results connection: last_result_beat=1723141023.973794 heartbeat_period=30 seconds
2024-08-08 11:18:03.980 parsl:418 2102315 Result-Pusher [INFO]  Sending heartbeat via results connection: last_result_beat=1723141053.9800181 heartbeat_period=30 seconds
2024-08-08 11:18:33.988 parsl:418 2102315 Result-Pusher [INFO]  Sending heartbeat via results connection: last_result_beat=1723141083.9803534 heartbeat_period=30 seconds
2024-08-08 11:19:03.989 parsl:418 2102315 Result-Pusher [INFO]  Sending heartbeat via results connection: last_result_beat=1723141113.9882467 heartbeat_period=30 seconds
2024-08-08 11:19:33.992 parsl:418 2102315 Result-Pusher [INFO]  Sending heartbeat via results connection: last_result_beat=1723141143.9895158 heartbeat_period=30 seconds
2024-08-08 11:20:03.994 parsl:418 2102315 Result-Pusher [INFO]  Sending heartbeat via results connection: last_result_beat=1723141173.992457 heartbeat_period=30 seconds
2024-08-08 11:20:34.004 parsl:418 2102315 Result-Pusher [INFO]  Sending heartbeat via results connection: last_result_beat=1723141203.9950738 heartbeat_period=30 seconds
2024-08-08 11:21:04.006 parsl:418 2102315 Result-Pusher [INFO]  Sending heartbeat via results connection: last_result_beat=1723141234.0044863 heartbeat_period=30 seconds
2024-08-08 11:21:34.008 parsl:418 2102315 Result-Pusher [INFO]  Sending heartbeat via results connection: last_result_beat=1723141264.0062468 heartbeat_period=30 seconds
2024-08-08 11:22:04.017 parsl:418 2102315 Result-Pusher [INFO]  Sending heartbeat via results connection: last_result_beat=1723141294.008634 heartbeat_period=30 seconds
2024-08-08 11:22:34.026 parsl:418 2102315 Result-Pusher [INFO]  Sending heartbeat via results connection: last_result_beat=1723141324.0172331 heartbeat_period=30 seconds
2024-08-08 11:23:04.033 parsl:418 2102315 Result-Pusher [INFO]  Sending heartbeat via results connection: last_result_beat=1723141354.0267415 heartbeat_period=30 seconds
2024-08-08 11:23:34.036 parsl:418 2102315 Result-Pusher [INFO]  Sending heartbeat via results connection: last_result_beat=1723141384.0338085 heartbeat_period=30 seconds
2024-08-08 11:24:04.045 parsl:418 2102315 Result-Pusher [INFO]  Sending heartbeat via results connection: last_result_beat=1723141414.0364947 heartbeat_period=30 seconds
2024-08-08 11:24:34.045 parsl:418 2102315 Result-Pusher [INFO]  Sending heartbeat via results connection: last_result_beat=1723141444.0453107 heartbeat_period=30 seconds
2024-08-08 11:25:04.049 parsl:418 2102315 Result-Pusher [INFO]  Sending heartbeat via results connection: last_result_beat=1723141474.0459464 heartbeat_period=30 seconds
2024-08-08 11:25:34.057 parsl:418 2102315 Result-Pusher [INFO]  Sending heartbeat via results connection: last_result_beat=1723141504.0497248 heartbeat_period=30 seconds
2024-08-08 11:26:04.064 parsl:418 2102315 Result-Pusher [INFO]  Sending heartbeat via results connection: last_result_beat=1723141534.0579715 heartbeat_period=30 seconds
2024-08-08 11:26:34.065 parsl:418 2102315 Result-Pusher [INFO]  Sending heartbeat via results connection: last_result_beat=1723141564.0650856 heartbeat_period=30 seconds
2024-08-08 11:27:04.070 parsl:418 2102315 Result-Pusher [INFO]  Sending heartbeat via results connection: last_result_beat=1723141594.065315 heartbeat_period=30 seconds
2024-08-08 11:27:34.077 parsl:418 2102315 Result-Pusher [INFO]  Sending heartbeat via results connection: last_result_beat=1723141624.070497 heartbeat_period=30 seconds
2024-08-08 11:28:04.081 parsl:418 2102315 Result-Pusher [INFO]  Sending heartbeat via results connection: last_result_beat=1723141654.0780537 heartbeat_period=30 seconds
2024-08-08 11:28:34.091 parsl:418 2102315 Result-Pusher [INFO]  Sending heartbeat via results connection: last_result_beat=1723141684.0814574 heartbeat_period=30 seconds
2024-08-08 11:29:04.097 parsl:418 2102315 Result-Pusher [INFO]  Sending heartbeat via results connection: last_result_beat=1723141714.091324 heartbeat_period=30 seconds
2024-08-08 11:29:34.106 parsl:418 2102315 Result-Pusher [INFO]  Sending heartbeat via results connection: last_result_beat=1723141744.0977995 heartbeat_period=30 seconds
2024-08-08 11:30:04.106 parsl:418 2102315 Result-Pusher [INFO]  Sending heartbeat via results connection: last_result_beat=1723141774.1068442 heartbeat_period=30 seconds
2024-08-08 11:30:34.109 parsl:418 2102315 Result-Pusher [INFO]  Sending heartbeat via results connection: last_result_beat=1723141804.1072333 heartbeat_period=30 seconds
2024-08-08 11:31:04.115 parsl:418 2102315 Result-Pusher [INFO]  Sending heartbeat via results connection: last_result_beat=1723141834.1094334 heartbeat_period=30 seconds
2024-08-08 11:31:34.125 parsl:418 2102315 Result-Pusher [INFO]  Sending heartbeat via results connection: last_result_beat=1723141864.1155653 heartbeat_period=30 seconds
2024-08-08 11:32:04.132 parsl:418 2102315 Result-Pusher [INFO]  Sending heartbeat via results connection: last_result_beat=1723141894.1252058 heartbeat_period=30 seconds
2024-08-08 11:32:34.140 parsl:418 2102315 Result-Pusher [INFO]  Sending heartbeat via results connection: last_result_beat=1723141924.132747 heartbeat_period=30 seconds
2024-08-08 11:33:04.148 parsl:418 2102315 Result-Pusher [INFO]  Sending heartbeat via results connection: last_result_beat=1723141954.1410131 heartbeat_period=30 seconds
2024-08-08 11:33:34.152 parsl:418 2102315 Result-Pusher [INFO]  Sending heartbeat via results connection: last_result_beat=1723141984.1488 heartbeat_period=30 seconds
2024-08-08 11:34:04.156 parsl:418 2102315 Result-Pusher [INFO]  Sending heartbeat via results connection: last_result_beat=1723142014.1522663 heartbeat_period=30 seconds
2024-08-08 11:34:34.163 parsl:418 2102315 Result-Pusher [INFO]  Sending heartbeat via results connection: last_result_beat=1723142044.1570897 heartbeat_period=30 seconds
2024-08-08 11:35:04.171 parsl:418 2102315 Result-Pusher [INFO]  Sending heartbeat via results connection: last_result_beat=1723142074.1638916 heartbeat_period=30 seconds
2024-08-08 11:35:34.181 parsl:418 2102315 Result-Pusher [INFO]  Sending heartbeat via results connection: last_result_beat=1723142104.171696 heartbeat_period=30 seconds
2024-08-08 11:36:04.187 parsl:418 2102315 Result-Pusher [INFO]  Sending heartbeat via results connection: last_result_beat=1723142134.181805 heartbeat_period=30 seconds
2024-08-08 11:36:34.190 parsl:418 2102315 Result-Pusher [INFO]  Sending heartbeat via results connection: last_result_beat=1723142164.1880085 heartbeat_period=30 seconds
2024-08-08 11:37:04.197 parsl:418 2102315 Result-Pusher [INFO]  Sending heartbeat via results connection: last_result_beat=1723142194.1906955 heartbeat_period=30 seconds
2024-08-08 11:37:34.204 parsl:418 2102315 Result-Pusher [INFO]  Sending heartbeat via results connection: last_result_beat=1723142224.197643 heartbeat_period=30 seconds
2024-08-08 11:38:04.207 parsl:418 2102315 Result-Pusher [INFO]  Sending heartbeat via results connection: last_result_beat=1723142254.2042248 heartbeat_period=30 seconds
2024-08-08 11:38:34.209 parsl:418 2102315 Result-Pusher [INFO]  Sending heartbeat via results connection: last_result_beat=1723142284.2079656 heartbeat_period=30 seconds
2024-08-08 11:39:04.217 parsl:418 2102315 Result-Pusher [INFO]  Sending heartbeat via results connection: last_result_beat=1723142314.2096975 heartbeat_period=30 seconds
2024-08-08 11:39:34.225 parsl:418 2102315 Result-Pusher [INFO]  Sending heartbeat via results connection: last_result_beat=1723142344.2175066 heartbeat_period=30 seconds
2024-08-08 11:40:04.232 parsl:418 2102315 Result-Pusher [INFO]  Sending heartbeat via results connection: last_result_beat=1723142374.2253852 heartbeat_period=30 seconds
2024-08-08 11:40:34.243 parsl:418 2102315 Result-Pusher [INFO]  Sending heartbeat via results connection: last_result_beat=1723142404.2329876 heartbeat_period=30 seconds
2024-08-08 11:41:04.253 parsl:418 2102315 Result-Pusher [INFO]  Sending heartbeat via results connection: last_result_beat=1723142434.2432854 heartbeat_period=30 seconds
2024-08-08 11:41:34.261 parsl:418 2102315 Result-Pusher [INFO]  Sending heartbeat via results connection: last_result_beat=1723142464.2534673 heartbeat_period=30 seconds
2024-08-08 11:42:04.263 parsl:418 2102315 Result-Pusher [INFO]  Sending heartbeat via results connection: last_result_beat=1723142494.2620354 heartbeat_period=30 seconds
2024-08-08 11:42:34.269 parsl:418 2102315 Result-Pusher [INFO]  Sending heartbeat via results connection: last_result_beat=1723142524.2636037 heartbeat_period=30 seconds
2024-08-08 11:43:04.272 parsl:418 2102315 Result-Pusher [INFO]  Sending heartbeat via results connection: last_result_beat=1723142554.2695913 heartbeat_period=30 seconds
2024-08-08 11:43:34.281 parsl:418 2102315 Result-Pusher [INFO]  Sending heartbeat via results connection: last_result_beat=1723142584.2729447 heartbeat_period=30 seconds
2024-08-08 11:44:04.287 parsl:418 2102315 Result-Pusher [INFO]  Sending heartbeat via results connection: last_result_beat=1723142614.2818708 heartbeat_period=30 seconds
2024-08-08 11:44:34.293 parsl:418 2102315 Result-Pusher [INFO]  Sending heartbeat via results connection: last_result_beat=1723142644.288155 heartbeat_period=30 seconds
2024-08-08 11:45:04.301 parsl:418 2102315 Result-Pusher [INFO]  Sending heartbeat via results connection: last_result_beat=1723142674.2941575 heartbeat_period=30 seconds
2024-08-08 11:45:34.306 parsl:418 2102315 Result-Pusher [INFO]  Sending heartbeat via results connection: last_result_beat=1723142704.3016381 heartbeat_period=30 seconds
2024-08-08 11:46:04.312 parsl:418 2102315 Result-Pusher [INFO]  Sending heartbeat via results connection: last_result_beat=1723142734.306245 heartbeat_period=30 seconds
2024-08-08 11:46:34.318 parsl:418 2102315 Result-Pusher [INFO]  Sending heartbeat via results connection: last_result_beat=1723142764.3126128 heartbeat_period=30 seconds
2024-08-08 11:47:04.321 parsl:418 2102315 Result-Pusher [INFO]  Sending heartbeat via results connection: last_result_beat=1723142794.318538 heartbeat_period=30 seconds
2024-08-08 11:47:34.329 parsl:418 2102315 Result-Pusher [INFO]  Sending heartbeat via results connection: last_result_beat=1723142824.32136 heartbeat_period=30 seconds
2024-08-08 11:48:04.338 parsl:418 2102315 Result-Pusher [INFO]  Sending heartbeat via results connection: last_result_beat=1723142854.3292773 heartbeat_period=30 seconds
2024-08-08 11:48:34.347 parsl:418 2102315 Result-Pusher [INFO]  Sending heartbeat via results connection: last_result_beat=1723142884.3384757 heartbeat_period=30 seconds
2024-08-08 11:49:04.350 parsl:418 2102315 Result-Pusher [INFO]  Sending heartbeat via results connection: last_result_beat=1723142914.3474755 heartbeat_period=30 seconds
2024-08-08 11:49:34.357 parsl:418 2102315 Result-Pusher [INFO]  Sending heartbeat via results connection: last_result_beat=1723142944.351174 heartbeat_period=30 seconds
2024-08-08 11:50:04.362 parsl:418 2102315 Result-Pusher [INFO]  Sending heartbeat via results connection: last_result_beat=1723142974.3581867 heartbeat_period=30 seconds
2024-08-08 11:50:34.368 parsl:418 2102315 Result-Pusher [INFO]  Sending heartbeat via results connection: last_result_beat=1723143004.3629904 heartbeat_period=30 seconds
2024-08-08 11:51:04.371 parsl:418 2102315 Result-Pusher [INFO]  Sending heartbeat via results connection: last_result_beat=1723143034.368977 heartbeat_period=30 seconds
2024-08-08 11:51:34.373 parsl:418 2102315 Result-Pusher [INFO]  Sending heartbeat via results connection: last_result_beat=1723143064.3721595 heartbeat_period=30 seconds
2024-08-08 11:52:04.378 parsl:418 2102315 Result-Pusher [INFO]  Sending heartbeat via results connection: last_result_beat=1723143094.373609 heartbeat_period=30 seconds
2024-08-08 11:52:34.384 parsl:418 2102315 Result-Pusher [INFO]  Sending heartbeat via results connection: last_result_beat=1723143124.379036 heartbeat_period=30 seconds
2024-08-08 11:53:04.384 parsl:418 2102315 Result-Pusher [INFO]  Sending heartbeat via results connection: last_result_beat=1723143154.3844337 heartbeat_period=30 seconds
2024-08-08 11:53:34.387 parsl:418 2102315 Result-Pusher [INFO]  Sending heartbeat via results connection: last_result_beat=1723143184.3847878 heartbeat_period=30 seconds
2024-08-08 11:54:04.389 parsl:418 2102315 Result-Pusher [INFO]  Sending heartbeat via results connection: last_result_beat=1723143214.3876908 heartbeat_period=30 seconds
2024-08-08 11:54:34.394 parsl:418 2102315 Result-Pusher [INFO]  Sending heartbeat via results connection: last_result_beat=1723143244.389469 heartbeat_period=30 seconds
2024-08-08 11:55:04.397 parsl:418 2102315 Result-Pusher [INFO]  Sending heartbeat via results connection: last_result_beat=1723143274.3947566 heartbeat_period=30 seconds
2024-08-08 11:55:34.406 parsl:418 2102315 Result-Pusher [INFO]  Sending heartbeat via results connection: last_result_beat=1723143304.3974893 heartbeat_period=30 seconds
2024-08-08 11:56:04.408 parsl:418 2102315 Result-Pusher [INFO]  Sending heartbeat via results connection: last_result_beat=1723143334.40644 heartbeat_period=30 seconds
2024-08-08 11:56:34.412 parsl:418 2102315 Result-Pusher [INFO]  Sending heartbeat via results connection: last_result_beat=1723143364.4091573 heartbeat_period=30 seconds
2024-08-08 11:57:04.413 parsl:418 2102315 Result-Pusher [INFO]  Sending heartbeat via results connection: last_result_beat=1723143394.4129708 heartbeat_period=30 seconds
2024-08-08 11:57:34.420 parsl:418 2102315 Result-Pusher [INFO]  Sending heartbeat via results connection: last_result_beat=1723143424.4133744 heartbeat_period=30 seconds
2024-08-08 11:58:04.421 parsl:418 2102315 Result-Pusher [INFO]  Sending heartbeat via results connection: last_result_beat=1723143454.4204607 heartbeat_period=30 seconds
2024-08-08 11:58:34.430 parsl:418 2102315 Result-Pusher [INFO]  Sending heartbeat via results connection: last_result_beat=1723143484.4221964 heartbeat_period=30 seconds
2024-08-08 11:59:04.433 parsl:418 2102315 Result-Pusher [INFO]  Sending heartbeat via results connection: last_result_beat=1723143514.4302812 heartbeat_period=30 seconds
2024-08-08 11:59:34.439 parsl:418 2102315 Result-Pusher [INFO]  Sending heartbeat via results connection: last_result_beat=1723143544.4341116 heartbeat_period=30 seconds
2024-08-08 12:00:04.444 parsl:418 2102315 Result-Pusher [INFO]  Sending heartbeat via results connection: last_result_beat=1723143574.4394898 heartbeat_period=30 seconds
2024-08-08 12:00:34.448 parsl:418 2102315 Result-Pusher [INFO]  Sending heartbeat via results connection: last_result_beat=1723143604.445127 heartbeat_period=30 seconds
2024-08-08 12:01:04.455 parsl:418 2102315 Result-Pusher [INFO]  Sending heartbeat via results connection: last_result_beat=1723143634.4485643 heartbeat_period=30 seconds
2024-08-08 12:01:34.461 parsl:418 2102315 Result-Pusher [INFO]  Sending heartbeat via results connection: last_result_beat=1723143664.4556189 heartbeat_period=30 seconds
2024-08-08 12:02:04.462 parsl:418 2102315 Result-Pusher [INFO]  Sending heartbeat via results connection: last_result_beat=1723143694.4615233 heartbeat_period=30 seconds
2024-08-08 12:02:34.465 parsl:418 2102315 Result-Pusher [INFO]  Sending heartbeat via results connection: last_result_beat=1723143724.4630485 heartbeat_period=30 seconds
2024-08-08 12:03:04.471 parsl:418 2102315 Result-Pusher [INFO]  Sending heartbeat via results connection: last_result_beat=1723143754.4662023 heartbeat_period=30 seconds
2024-08-08 12:03:34.478 parsl:418 2102315 Result-Pusher [INFO]  Sending heartbeat via results connection: last_result_beat=1723143784.4715664 heartbeat_period=30 seconds
2024-08-08 12:04:04.485 parsl:418 2102315 Result-Pusher [INFO]  Sending heartbeat via results connection: last_result_beat=1723143814.4782915 heartbeat_period=30 seconds
2024-08-08 12:04:34.491 parsl:418 2102315 Result-Pusher [INFO]  Sending heartbeat via results connection: last_result_beat=1723143844.4858286 heartbeat_period=30 seconds
2024-08-08 12:05:04.494 parsl:418 2102315 Result-Pusher [INFO]  Sending heartbeat via results connection: last_result_beat=1723143874.4917939 heartbeat_period=30 seconds
2024-08-08 12:05:34.501 parsl:418 2102315 Result-Pusher [INFO]  Sending heartbeat via results connection: last_result_beat=1723143904.4951506 heartbeat_period=30 seconds
2024-08-08 12:06:04.509 parsl:418 2102315 Result-Pusher [INFO]  Sending heartbeat via results connection: last_result_beat=1723143934.5013509 heartbeat_period=30 seconds
2024-08-08 12:06:34.513 parsl:418 2102315 Result-Pusher [INFO]  Sending heartbeat via results connection: last_result_beat=1723143964.5094905 heartbeat_period=30 seconds
2024-08-08 12:07:04.515 parsl:418 2102315 Result-Pusher [INFO]  Sending heartbeat via results connection: last_result_beat=1723143994.514205 heartbeat_period=30 seconds
2024-08-08 12:07:34.523 parsl:418 2102315 Result-Pusher [INFO]  Sending heartbeat via results connection: last_result_beat=1723144024.5158486 heartbeat_period=30 seconds
2024-08-08 12:08:04.530 parsl:418 2102315 Result-Pusher [INFO]  Sending heartbeat via results connection: last_result_beat=1723144054.5239446 heartbeat_period=30 seconds
2024-08-08 12:08:34.537 parsl:418 2102315 Result-Pusher [INFO]  Sending heartbeat via results connection: last_result_beat=1723144084.5308743 heartbeat_period=30 seconds
2024-08-08 12:09:04.546 parsl:418 2102315 Result-Pusher [INFO]  Sending heartbeat via results connection: last_result_beat=1723144114.5374997 heartbeat_period=30 seconds
2024-08-08 12:09:34.550 parsl:418 2102315 Result-Pusher [INFO]  Sending heartbeat via results connection: last_result_beat=1723144144.5463898 heartbeat_period=30 seconds
2024-08-08 12:10:04.551 parsl:418 2102315 Result-Pusher [INFO]  Sending heartbeat via results connection: last_result_beat=1723144174.5504782 heartbeat_period=30 seconds
2024-08-08 12:10:34.551 parsl:418 2102315 Result-Pusher [INFO]  Sending heartbeat via results connection: last_result_beat=1723144204.5514302 heartbeat_period=30 seconds
2024-08-08 12:11:04.554 parsl:418 2102315 Result-Pusher [INFO]  Sending heartbeat via results connection: last_result_beat=1723144234.5517514 heartbeat_period=30 seconds
2024-08-08 12:11:34.560 parsl:418 2102315 Result-Pusher [INFO]  Sending heartbeat via results connection: last_result_beat=1723144264.5549595 heartbeat_period=30 seconds
2024-08-08 12:12:04.567 parsl:418 2102315 Result-Pusher [INFO]  Sending heartbeat via results connection: last_result_beat=1723144294.5604181 heartbeat_period=30 seconds
2024-08-08 12:12:34.576 parsl:418 2102315 Result-Pusher [INFO]  Sending heartbeat via results connection: last_result_beat=1723144324.5681543 heartbeat_period=30 seconds
2024-08-08 12:13:04.579 parsl:418 2102315 Result-Pusher [INFO]  Sending heartbeat via results connection: last_result_beat=1723144354.5766556 heartbeat_period=30 seconds
2024-08-08 12:13:34.583 parsl:418 2102315 Result-Pusher [INFO]  Sending heartbeat via results connection: last_result_beat=1723144384.5799735 heartbeat_period=30 seconds
2024-08-08 12:14:04.591 parsl:418 2102315 Result-Pusher [INFO]  Sending heartbeat via results connection: last_result_beat=1723144414.5834599 heartbeat_period=30 seconds
2024-08-08 12:14:34.594 parsl:418 2102315 Result-Pusher [INFO]  Sending heartbeat via results connection: last_result_beat=1723144444.5921333 heartbeat_period=30 seconds
2024-08-08 12:15:04.598 parsl:418 2102315 Result-Pusher [INFO]  Sending heartbeat via results connection: last_result_beat=1723144474.5949285 heartbeat_period=30 seconds
2024-08-08 12:15:34.599 parsl:418 2102315 Result-Pusher [INFO]  Sending heartbeat via results connection: last_result_beat=1723144504.5986617 heartbeat_period=30 seconds
2024-08-08 12:16:04.604 parsl:418 2102315 Result-Pusher [INFO]  Sending heartbeat via results connection: last_result_beat=1723144534.600078 heartbeat_period=30 seconds
