2024-08-08 11:16:33.856 parsl:914 475002 MainThread [INFO]  Python version: 3.10.0 | packaged by conda-forge | (default, Nov 20 2021, 02:24:10) [GCC 9.4.0]
2024-08-08 11:16:33.857 parsl:915 475002 MainThread [INFO]  Debug logging: False
2024-08-08 11:16:33.857 parsl:916 475002 MainThread [INFO]  Certificates dir: None
2024-08-08 11:16:33.857 parsl:917 475002 MainThread [INFO]  Log dir: /pscratch/sd/m/mansisak/memorization/scripts/runinfo/015/production_grade
2024-08-08 11:16:33.857 parsl:918 475002 MainThread [INFO]  Manager ID: 9ba7382e6bb6
2024-08-08 11:16:33.857 parsl:919 475002 MainThread [INFO]  Block ID: 0
2024-08-08 11:16:33.857 parsl:920 475002 MainThread [INFO]  cores_per_worker: 1.0
2024-08-08 11:16:33.857 parsl:921 475002 MainThread [INFO]  mem_per_worker: None
2024-08-08 11:16:33.857 parsl:922 475002 MainThread [INFO]  task_port: 54853
2024-08-08 11:16:33.857 parsl:923 475002 MainThread [INFO]  result_port: 54288
2024-08-08 11:16:33.857 parsl:924 475002 MainThread [INFO]  addresses: 10.249.28.227,10.249.0.175,127.0.0.1,128.55.126.2,128.55.151.48,10.252.1.78,128.55.64.12
2024-08-08 11:16:33.857 parsl:925 475002 MainThread [INFO]  max_workers_per_node: 1
2024-08-08 11:16:33.857 parsl:926 475002 MainThread [INFO]  poll_period: 10
2024-08-08 11:16:33.857 parsl:927 475002 MainThread [INFO]  address_probe_timeout: 30
2024-08-08 11:16:33.857 parsl:928 475002 MainThread [INFO]  Prefetch capacity: 0
2024-08-08 11:16:33.857 parsl:929 475002 MainThread [INFO]  Heartbeat threshold: 120
2024-08-08 11:16:33.857 parsl:930 475002 MainThread [INFO]  Heartbeat period: 30
2024-08-08 11:16:33.857 parsl:931 475002 MainThread [INFO]  Drain period: None
2024-08-08 11:16:33.857 parsl:932 475002 MainThread [INFO]  CPU affinity: block
2024-08-08 11:16:33.857 parsl:933 475002 MainThread [INFO]  Accelerators: 0 1 2 3
2024-08-08 11:16:33.858 parsl:934 475002 MainThread [INFO]  enable_mpi_mode: False
2024-08-08 11:16:33.858 parsl:935 475002 MainThread [INFO]  mpi_launcher: mpiexec
2024-08-08 11:16:33.858 parsl:151 475002 MainThread [INFO]  Manager initializing
2024-08-08 11:16:33.891 parsl.executors.high_throughput.probe:49 475002 MainThread [INFO]  Connected to interchange on 10.249.0.175
2024-08-08 11:16:33.892 parsl:160 475002 MainThread [INFO]  Connection to Interchange successful on 10.249.0.175
2024-08-08 11:16:33.892 parsl:163 475002 MainThread [INFO]  Task url : tcp://10.249.0.175:54853
2024-08-08 11:16:33.892 parsl:164 475002 MainThread [INFO]  Result url : tcp://10.249.0.175:54288
2024-08-08 11:16:33.892 parsl:183 475002 MainThread [INFO]  Manager connected to interchange
2024-08-08 11:16:34.558 parsl:254 475002 MainThread [INFO]  Manager will spawn 1 workers
2024-08-08 11:16:34.560 parsl:306 475002 Task-Puller [INFO]  starting
2024-08-08 11:16:34.561 parsl:536 475002 MainThread [INFO]  Manager threads started
2024-08-08 11:17:04.570 parsl:418 475002 Result-Pusher [INFO]  Sending heartbeat via results connection: last_result_beat=1723140994.561027 heartbeat_period=30 seconds
2024-08-08 11:17:34.579 parsl:418 475002 Result-Pusher [INFO]  Sending heartbeat via results connection: last_result_beat=1723141024.5702984 heartbeat_period=30 seconds
2024-08-08 11:18:04.580 parsl:418 475002 Result-Pusher [INFO]  Sending heartbeat via results connection: last_result_beat=1723141054.5795379 heartbeat_period=30 seconds
2024-08-08 11:18:34.582 parsl:418 475002 Result-Pusher [INFO]  Sending heartbeat via results connection: last_result_beat=1723141084.5809095 heartbeat_period=30 seconds
2024-08-08 11:19:04.583 parsl:418 475002 Result-Pusher [INFO]  Sending heartbeat via results connection: last_result_beat=1723141114.582324 heartbeat_period=30 seconds
2024-08-08 11:19:34.592 parsl:418 475002 Result-Pusher [INFO]  Sending heartbeat via results connection: last_result_beat=1723141144.5839157 heartbeat_period=30 seconds
2024-08-08 11:20:04.597 parsl:418 475002 Result-Pusher [INFO]  Sending heartbeat via results connection: last_result_beat=1723141174.5931065 heartbeat_period=30 seconds
2024-08-08 11:20:34.597 parsl:418 475002 Result-Pusher [INFO]  Sending heartbeat via results connection: last_result_beat=1723141204.5976372 heartbeat_period=30 seconds
2024-08-08 11:21:04.600 parsl:418 475002 Result-Pusher [INFO]  Sending heartbeat via results connection: last_result_beat=1723141234.5980375 heartbeat_period=30 seconds
2024-08-08 11:21:34.603 parsl:418 475002 Result-Pusher [INFO]  Sending heartbeat via results connection: last_result_beat=1723141264.6010098 heartbeat_period=30 seconds
2024-08-08 11:22:04.612 parsl:418 475002 Result-Pusher [INFO]  Sending heartbeat via results connection: last_result_beat=1723141294.6034386 heartbeat_period=30 seconds
2024-08-08 11:22:34.614 parsl:418 475002 Result-Pusher [INFO]  Sending heartbeat via results connection: last_result_beat=1723141324.6127717 heartbeat_period=30 seconds
2024-08-08 11:23:04.617 parsl:418 475002 Result-Pusher [INFO]  Sending heartbeat via results connection: last_result_beat=1723141354.6145382 heartbeat_period=30 seconds
2024-08-08 11:23:34.620 parsl:418 475002 Result-Pusher [INFO]  Sending heartbeat via results connection: last_result_beat=1723141384.6178865 heartbeat_period=30 seconds
2024-08-08 11:24:04.624 parsl:418 475002 Result-Pusher [INFO]  Sending heartbeat via results connection: last_result_beat=1723141414.6205966 heartbeat_period=30 seconds
2024-08-08 11:24:34.630 parsl:418 475002 Result-Pusher [INFO]  Sending heartbeat via results connection: last_result_beat=1723141444.6247797 heartbeat_period=30 seconds
2024-08-08 11:25:04.631 parsl:418 475002 Result-Pusher [INFO]  Sending heartbeat via results connection: last_result_beat=1723141474.6310608 heartbeat_period=30 seconds
2024-08-08 11:25:34.639 parsl:418 475002 Result-Pusher [INFO]  Sending heartbeat via results connection: last_result_beat=1723141504.6314218 heartbeat_period=30 seconds
2024-08-08 11:26:04.642 parsl:418 475002 Result-Pusher [INFO]  Sending heartbeat via results connection: last_result_beat=1723141534.6398673 heartbeat_period=30 seconds
2024-08-08 11:26:34.650 parsl:418 475002 Result-Pusher [INFO]  Sending heartbeat via results connection: last_result_beat=1723141564.6422207 heartbeat_period=30 seconds
2024-08-08 11:27:04.654 parsl:418 475002 Result-Pusher [INFO]  Sending heartbeat via results connection: last_result_beat=1723141594.6504478 heartbeat_period=30 seconds
2024-08-08 11:27:34.655 parsl:418 475002 Result-Pusher [INFO]  Sending heartbeat via results connection: last_result_beat=1723141624.654757 heartbeat_period=30 seconds
2024-08-08 11:28:04.661 parsl:418 475002 Result-Pusher [INFO]  Sending heartbeat via results connection: last_result_beat=1723141654.6557798 heartbeat_period=30 seconds
2024-08-08 11:28:34.670 parsl:418 475002 Result-Pusher [INFO]  Sending heartbeat via results connection: last_result_beat=1723141684.6620367 heartbeat_period=30 seconds
2024-08-08 11:29:04.675 parsl:418 475002 Result-Pusher [INFO]  Sending heartbeat via results connection: last_result_beat=1723141714.6707108 heartbeat_period=30 seconds
2024-08-08 11:29:34.680 parsl:418 475002 Result-Pusher [INFO]  Sending heartbeat via results connection: last_result_beat=1723141744.6759079 heartbeat_period=30 seconds
2024-08-08 11:30:04.689 parsl:418 475002 Result-Pusher [INFO]  Sending heartbeat via results connection: last_result_beat=1723141774.680759 heartbeat_period=30 seconds
2024-08-08 11:30:34.692 parsl:418 475002 Result-Pusher [INFO]  Sending heartbeat via results connection: last_result_beat=1723141804.6900132 heartbeat_period=30 seconds
2024-08-08 11:31:04.702 parsl:418 475002 Result-Pusher [INFO]  Sending heartbeat via results connection: last_result_beat=1723141834.6928282 heartbeat_period=30 seconds
2024-08-08 11:31:34.703 parsl:418 475002 Result-Pusher [INFO]  Sending heartbeat via results connection: last_result_beat=1723141864.7023752 heartbeat_period=30 seconds
2024-08-08 11:32:04.705 parsl:418 475002 Result-Pusher [INFO]  Sending heartbeat via results connection: last_result_beat=1723141894.7040763 heartbeat_period=30 seconds
2024-08-08 11:32:34.705 parsl:418 475002 Result-Pusher [INFO]  Sending heartbeat via results connection: last_result_beat=1723141924.7052903 heartbeat_period=30 seconds
2024-08-08 11:33:04.709 parsl:418 475002 Result-Pusher [INFO]  Sending heartbeat via results connection: last_result_beat=1723141954.7061174 heartbeat_period=30 seconds
2024-08-08 11:33:34.710 parsl:418 475002 Result-Pusher [INFO]  Sending heartbeat via results connection: last_result_beat=1723141984.7093623 heartbeat_period=30 seconds
2024-08-08 11:34:04.714 parsl:418 475002 Result-Pusher [INFO]  Sending heartbeat via results connection: last_result_beat=1723142014.7105079 heartbeat_period=30 seconds
2024-08-08 11:34:34.720 parsl:418 475002 Result-Pusher [INFO]  Sending heartbeat via results connection: last_result_beat=1723142044.7145572 heartbeat_period=30 seconds
2024-08-08 11:35:04.724 parsl:418 475002 Result-Pusher [INFO]  Sending heartbeat via results connection: last_result_beat=1723142074.7207973 heartbeat_period=30 seconds
2024-08-08 11:35:34.727 parsl:418 475002 Result-Pusher [INFO]  Sending heartbeat via results connection: last_result_beat=1723142104.725124 heartbeat_period=30 seconds
2024-08-08 11:36:04.734 parsl:418 475002 Result-Pusher [INFO]  Sending heartbeat via results connection: last_result_beat=1723142134.727438 heartbeat_period=30 seconds
2024-08-08 11:36:34.736 parsl:418 475002 Result-Pusher [INFO]  Sending heartbeat via results connection: last_result_beat=1723142164.7348578 heartbeat_period=30 seconds
2024-08-08 11:37:04.745 parsl:418 475002 Result-Pusher [INFO]  Sending heartbeat via results connection: last_result_beat=1723142194.7363605 heartbeat_period=30 seconds
2024-08-08 11:37:34.753 parsl:418 475002 Result-Pusher [INFO]  Sending heartbeat via results connection: last_result_beat=1723142224.7458918 heartbeat_period=30 seconds
2024-08-08 11:38:04.756 parsl:418 475002 Result-Pusher [INFO]  Sending heartbeat via results connection: last_result_beat=1723142254.7538726 heartbeat_period=30 seconds
2024-08-08 11:38:34.766 parsl:418 475002 Result-Pusher [INFO]  Sending heartbeat via results connection: last_result_beat=1723142284.756644 heartbeat_period=30 seconds
2024-08-08 11:39:04.770 parsl:418 475002 Result-Pusher [INFO]  Sending heartbeat via results connection: last_result_beat=1723142314.766408 heartbeat_period=30 seconds
2024-08-08 11:39:34.772 parsl:418 475002 Result-Pusher [INFO]  Sending heartbeat via results connection: last_result_beat=1723142344.770555 heartbeat_period=30 seconds
2024-08-08 11:40:04.781 parsl:418 475002 Result-Pusher [INFO]  Sending heartbeat via results connection: last_result_beat=1723142374.7728264 heartbeat_period=30 seconds
2024-08-08 11:40:34.789 parsl:418 475002 Result-Pusher [INFO]  Sending heartbeat via results connection: last_result_beat=1723142404.7816257 heartbeat_period=30 seconds
2024-08-08 11:41:04.795 parsl:418 475002 Result-Pusher [INFO]  Sending heartbeat via results connection: last_result_beat=1723142434.7893753 heartbeat_period=30 seconds
2024-08-08 11:41:34.805 parsl:418 475002 Result-Pusher [INFO]  Sending heartbeat via results connection: last_result_beat=1723142464.7953033 heartbeat_period=30 seconds
2024-08-08 11:42:04.808 parsl:418 475002 Result-Pusher [INFO]  Sending heartbeat via results connection: last_result_beat=1723142494.8056993 heartbeat_period=30 seconds
2024-08-08 11:42:34.816 parsl:418 475002 Result-Pusher [INFO]  Sending heartbeat via results connection: last_result_beat=1723142524.808741 heartbeat_period=30 seconds
2024-08-08 11:43:04.819 parsl:418 475002 Result-Pusher [INFO]  Sending heartbeat via results connection: last_result_beat=1723142554.8164327 heartbeat_period=30 seconds
2024-08-08 11:43:34.825 parsl:418 475002 Result-Pusher [INFO]  Sending heartbeat via results connection: last_result_beat=1723142584.8194754 heartbeat_period=30 seconds
2024-08-08 11:44:04.826 parsl:418 475002 Result-Pusher [INFO]  Sending heartbeat via results connection: last_result_beat=1723142614.8259246 heartbeat_period=30 seconds
2024-08-08 11:44:34.830 parsl:418 475002 Result-Pusher [INFO]  Sending heartbeat via results connection: last_result_beat=1723142644.826742 heartbeat_period=30 seconds
2024-08-08 11:45:04.835 parsl:418 475002 Result-Pusher [INFO]  Sending heartbeat via results connection: last_result_beat=1723142674.8307297 heartbeat_period=30 seconds
2024-08-08 11:45:34.841 parsl:418 475002 Result-Pusher [INFO]  Sending heartbeat via results connection: last_result_beat=1723142704.8355289 heartbeat_period=30 seconds
2024-08-08 11:46:04.846 parsl:418 475002 Result-Pusher [INFO]  Sending heartbeat via results connection: last_result_beat=1723142734.8421798 heartbeat_period=30 seconds
2024-08-08 11:46:34.851 parsl:418 475002 Result-Pusher [INFO]  Sending heartbeat via results connection: last_result_beat=1723142764.8468528 heartbeat_period=30 seconds
2024-08-08 11:47:04.853 parsl:418 475002 Result-Pusher [INFO]  Sending heartbeat via results connection: last_result_beat=1723142794.8517966 heartbeat_period=30 seconds
2024-08-08 11:47:34.856 parsl:418 475002 Result-Pusher [INFO]  Sending heartbeat via results connection: last_result_beat=1723142824.8533552 heartbeat_period=30 seconds
2024-08-08 11:48:04.865 parsl:418 475002 Result-Pusher [INFO]  Sending heartbeat via results connection: last_result_beat=1723142854.8571842 heartbeat_period=30 seconds
2024-08-08 11:48:34.872 parsl:418 475002 Result-Pusher [INFO]  Sending heartbeat via results connection: last_result_beat=1723142884.8659873 heartbeat_period=30 seconds
2024-08-08 11:49:04.878 parsl:418 475002 Result-Pusher [INFO]  Sending heartbeat via results connection: last_result_beat=1723142914.8729131 heartbeat_period=30 seconds
2024-08-08 11:49:34.878 parsl:418 475002 Result-Pusher [INFO]  Sending heartbeat via results connection: last_result_beat=1723142944.8782887 heartbeat_period=30 seconds
2024-08-08 11:50:04.880 parsl:418 475002 Result-Pusher [INFO]  Sending heartbeat via results connection: last_result_beat=1723142974.8787317 heartbeat_period=30 seconds
2024-08-08 11:50:34.887 parsl:418 475002 Result-Pusher [INFO]  Sending heartbeat via results connection: last_result_beat=1723143004.8811495 heartbeat_period=30 seconds
2024-08-08 11:51:04.890 parsl:418 475002 Result-Pusher [INFO]  Sending heartbeat via results connection: last_result_beat=1723143034.8876152 heartbeat_period=30 seconds
2024-08-08 11:51:34.895 parsl:418 475002 Result-Pusher [INFO]  Sending heartbeat via results connection: last_result_beat=1723143064.8909156 heartbeat_period=30 seconds
2024-08-08 11:52:04.905 parsl:418 475002 Result-Pusher [INFO]  Sending heartbeat via results connection: last_result_beat=1723143094.8960018 heartbeat_period=30 seconds
2024-08-08 11:52:34.909 parsl:418 475002 Result-Pusher [INFO]  Sending heartbeat via results connection: last_result_beat=1723143124.9057877 heartbeat_period=30 seconds
2024-08-08 11:53:04.911 parsl:418 475002 Result-Pusher [INFO]  Sending heartbeat via results connection: last_result_beat=1723143154.9091866 heartbeat_period=30 seconds
2024-08-08 11:53:34.913 parsl:418 475002 Result-Pusher [INFO]  Sending heartbeat via results connection: last_result_beat=1723143184.9119964 heartbeat_period=30 seconds
2024-08-08 11:54:04.921 parsl:418 475002 Result-Pusher [INFO]  Sending heartbeat via results connection: last_result_beat=1723143214.9137013 heartbeat_period=30 seconds
2024-08-08 11:54:34.926 parsl:418 475002 Result-Pusher [INFO]  Sending heartbeat via results connection: last_result_beat=1723143244.9220634 heartbeat_period=30 seconds
2024-08-08 11:55:04.934 parsl:418 475002 Result-Pusher [INFO]  Sending heartbeat via results connection: last_result_beat=1723143274.9264088 heartbeat_period=30 seconds
2024-08-08 11:55:34.942 parsl:418 475002 Result-Pusher [INFO]  Sending heartbeat via results connection: last_result_beat=1723143304.9342768 heartbeat_period=30 seconds
2024-08-08 11:56:04.949 parsl:418 475002 Result-Pusher [INFO]  Sending heartbeat via results connection: last_result_beat=1723143334.9430633 heartbeat_period=30 seconds
2024-08-08 11:56:34.957 parsl:418 475002 Result-Pusher [INFO]  Sending heartbeat via results connection: last_result_beat=1723143364.9497914 heartbeat_period=30 seconds
2024-08-08 11:57:04.959 parsl:418 475002 Result-Pusher [INFO]  Sending heartbeat via results connection: last_result_beat=1723143394.9572442 heartbeat_period=30 seconds
2024-08-08 11:57:34.964 parsl:418 475002 Result-Pusher [INFO]  Sending heartbeat via results connection: last_result_beat=1723143424.959427 heartbeat_period=30 seconds
2024-08-08 11:58:04.965 parsl:418 475002 Result-Pusher [INFO]  Sending heartbeat via results connection: last_result_beat=1723143454.964292 heartbeat_period=30 seconds
2024-08-08 11:58:34.967 parsl:418 475002 Result-Pusher [INFO]  Sending heartbeat via results connection: last_result_beat=1723143484.9662263 heartbeat_period=30 seconds
2024-08-08 11:59:04.968 parsl:418 475002 Result-Pusher [INFO]  Sending heartbeat via results connection: last_result_beat=1723143514.9681647 heartbeat_period=30 seconds
2024-08-08 11:59:34.977 parsl:418 475002 Result-Pusher [INFO]  Sending heartbeat via results connection: last_result_beat=1723143544.9687927 heartbeat_period=30 seconds
2024-08-08 12:00:04.980 parsl:418 475002 Result-Pusher [INFO]  Sending heartbeat via results connection: last_result_beat=1723143574.9780004 heartbeat_period=30 seconds
2024-08-08 12:00:34.989 parsl:418 475002 Result-Pusher [INFO]  Sending heartbeat via results connection: last_result_beat=1723143604.9806328 heartbeat_period=30 seconds
2024-08-08 12:01:04.997 parsl:418 475002 Result-Pusher [INFO]  Sending heartbeat via results connection: last_result_beat=1723143634.9899707 heartbeat_period=30 seconds
2024-08-08 12:01:35.002 parsl:418 475002 Result-Pusher [INFO]  Sending heartbeat via results connection: last_result_beat=1723143664.9979167 heartbeat_period=30 seconds
2024-08-08 12:02:05.005 parsl:418 475002 Result-Pusher [INFO]  Sending heartbeat via results connection: last_result_beat=1723143695.0031457 heartbeat_period=30 seconds
2024-08-08 12:02:35.011 parsl:418 475002 Result-Pusher [INFO]  Sending heartbeat via results connection: last_result_beat=1723143725.0052812 heartbeat_period=30 seconds
2024-08-08 12:03:05.019 parsl:418 475002 Result-Pusher [INFO]  Sending heartbeat via results connection: last_result_beat=1723143755.0121312 heartbeat_period=30 seconds
2024-08-08 12:03:35.024 parsl:418 475002 Result-Pusher [INFO]  Sending heartbeat via results connection: last_result_beat=1723143785.0197058 heartbeat_period=30 seconds
2024-08-08 12:04:05.033 parsl:418 475002 Result-Pusher [INFO]  Sending heartbeat via results connection: last_result_beat=1723143815.0246892 heartbeat_period=30 seconds
2024-08-08 12:04:35.039 parsl:418 475002 Result-Pusher [INFO]  Sending heartbeat via results connection: last_result_beat=1723143845.0339098 heartbeat_period=30 seconds
2024-08-08 12:05:05.046 parsl:418 475002 Result-Pusher [INFO]  Sending heartbeat via results connection: last_result_beat=1723143875.0395443 heartbeat_period=30 seconds
2024-08-08 12:05:35.055 parsl:418 475002 Result-Pusher [INFO]  Sending heartbeat via results connection: last_result_beat=1723143905.0471647 heartbeat_period=30 seconds
2024-08-08 12:06:05.060 parsl:418 475002 Result-Pusher [INFO]  Sending heartbeat via results connection: last_result_beat=1723143935.0556376 heartbeat_period=30 seconds
2024-08-08 12:06:35.068 parsl:418 475002 Result-Pusher [INFO]  Sending heartbeat via results connection: last_result_beat=1723143965.0610425 heartbeat_period=30 seconds
2024-08-08 12:07:05.075 parsl:418 475002 Result-Pusher [INFO]  Sending heartbeat via results connection: last_result_beat=1723143995.0685005 heartbeat_period=30 seconds
2024-08-08 12:07:35.081 parsl:418 475002 Result-Pusher [INFO]  Sending heartbeat via results connection: last_result_beat=1723144025.0761547 heartbeat_period=30 seconds
2024-08-08 12:08:05.088 parsl:418 475002 Result-Pusher [INFO]  Sending heartbeat via results connection: last_result_beat=1723144055.082072 heartbeat_period=30 seconds
2024-08-08 12:08:35.095 parsl:418 475002 Result-Pusher [INFO]  Sending heartbeat via results connection: last_result_beat=1723144085.0890956 heartbeat_period=30 seconds
2024-08-08 12:09:05.102 parsl:418 475002 Result-Pusher [INFO]  Sending heartbeat via results connection: last_result_beat=1723144115.0954106 heartbeat_period=30 seconds
2024-08-08 12:09:35.104 parsl:418 475002 Result-Pusher [INFO]  Sending heartbeat via results connection: last_result_beat=1723144145.1028976 heartbeat_period=30 seconds
2024-08-08 12:10:05.109 parsl:418 475002 Result-Pusher [INFO]  Sending heartbeat via results connection: last_result_beat=1723144175.1042764 heartbeat_period=30 seconds
2024-08-08 12:10:35.120 parsl:418 475002 Result-Pusher [INFO]  Sending heartbeat via results connection: last_result_beat=1723144205.1101453 heartbeat_period=30 seconds
2024-08-08 12:11:05.126 parsl:418 475002 Result-Pusher [INFO]  Sending heartbeat via results connection: last_result_beat=1723144235.120497 heartbeat_period=30 seconds
2024-08-08 12:11:35.132 parsl:418 475002 Result-Pusher [INFO]  Sending heartbeat via results connection: last_result_beat=1723144265.1267533 heartbeat_period=30 seconds
2024-08-08 12:12:05.132 parsl:418 475002 Result-Pusher [INFO]  Sending heartbeat via results connection: last_result_beat=1723144295.1322749 heartbeat_period=30 seconds
2024-08-08 12:12:35.135 parsl:418 475002 Result-Pusher [INFO]  Sending heartbeat via results connection: last_result_beat=1723144325.132548 heartbeat_period=30 seconds
2024-08-08 12:13:05.136 parsl:418 475002 Result-Pusher [INFO]  Sending heartbeat via results connection: last_result_beat=1723144355.1356883 heartbeat_period=30 seconds
2024-08-08 12:13:35.145 parsl:418 475002 Result-Pusher [INFO]  Sending heartbeat via results connection: last_result_beat=1723144385.136988 heartbeat_period=30 seconds
2024-08-08 12:14:05.152 parsl:418 475002 Result-Pusher [INFO]  Sending heartbeat via results connection: last_result_beat=1723144415.1457167 heartbeat_period=30 seconds
2024-08-08 12:14:35.160 parsl:418 475002 Result-Pusher [INFO]  Sending heartbeat via results connection: last_result_beat=1723144445.1523788 heartbeat_period=30 seconds
2024-08-08 12:15:05.169 parsl:418 475002 Result-Pusher [INFO]  Sending heartbeat via results connection: last_result_beat=1723144475.1610718 heartbeat_period=30 seconds
2024-08-08 12:15:35.172 parsl:418 475002 Result-Pusher [INFO]  Sending heartbeat via results connection: last_result_beat=1723144505.1699963 heartbeat_period=30 seconds
2024-08-08 12:16:05.175 parsl:418 475002 Result-Pusher [INFO]  Sending heartbeat via results connection: last_result_beat=1723144535.172903 heartbeat_period=30 seconds
